<?xml version="1.0" encoding="UTF-8"?>
<!-- Generated by org.testng.reporters.JUnitReportReporter -->
<testsuite skipped="0" hostname="SONY-VAIO" name="com.practice.framework.mainfunctionClass" tests="1" failures="0" timestamp="04 Jun 2018 07:19:05 GMT" time="57.657" errors="0">
  <testcase name="test" time="57.657" classname="com.practice.framework.mainfunctionClass"/>
</testsuite> <!-- com.practice.framework.mainfunctionClass -->
