<?xml version="1.0" encoding="UTF-8"?>
<!-- Generated by org.testng.reporters.JUnitReportReporter -->
<testsuite skipped="0" hostname="SONY-VAIO" name="abc.Listener" tests="2" failures="0" timestamp="08 May 2018 15:46:11 GMT" time="0.022" errors="0">
  <testcase name="loginwithEmail" time="0.017" classname="abc.Listener"/>
  <testcase name="loginwithFB" time="0.005" classname="abc.Listener"/>
</testsuite> <!-- abc.Listener -->
