<?xml version="1.0" encoding="UTF-8"?>
<!-- Generated by org.testng.reporters.JUnitReportReporter -->
<testsuite skipped="0" hostname="SONY-VAIO" name="abc.xyz" tests="1" failures="0" timestamp="08 May 2018 15:44:01 GMT" time="0.011" errors="0">
  <testcase name="aaa" time="0.011" classname="abc.xyz"/>
</testsuite> <!-- abc.xyz -->
